<?xml version="1.0" encoding="UTF-8"?>
<!-- Generated by org.testng.reporters.JUnitReportReporter -->
<testsuite hostname="DESKTOP-QAMDQO9" failures="0" tests="4" name="tdd.AmeriHealth.Practice.UnitTests" time="0.029" errors="0" timestamp="2023-02-21T00:59:18 EST" skipped="3">
  <testcase classname="tdd.AmeriHealth.Practice.UnitTests" name="folderOps" time="0.029"/>
  <system-out/>
  <testcase classname="tdd.AmeriHealth.Practice.UnitTests" name="unitTestAutoDataZeroLenght">
    <skipped/>
  </testcase> <!-- unitTestAutoDataZeroLenght -->
  <system-out/>
  <testcase classname="tdd.AmeriHealth.Practice.UnitTests" name="unitTestAutoDataNull">
    <skipped/>
  </testcase> <!-- unitTestAutoDataNull -->
  <system-out/>
  <testcase classname="tdd.AmeriHealth.Practice.UnitTests" name="system_getPropertyTest">
    <skipped/>
  </testcase> <!-- system_getPropertyTest -->
  <system-out/>
</testsuite> <!-- tdd.AmeriHealth.Practice.UnitTests -->
