<?xml version="1.0" encoding="UTF-8"?>
<!-- Generated by org.testng.reporters.JUnitReportReporter -->
<testsuite hostname="DESKTOP-QAMDQO9" failures="0" tests="1" name="tdd.AmeriHealth.GetPlan.FindADocTest" time="28.113" errors="0" timestamp="2023-02-17T23:03:35 EST" skipped="0">
  <testcase classname="tdd.AmeriHealth.GetPlan.FindADocTest" name="findADocTest" time="28.113"/>
  <system-out>
    <![CDATA[[[ChromeDriver: chrome on WINDOWS (59275086dbb45f570e8f23819e162610)] -> xpath: //a[text()='Careers']]<---->has been clicked<br>
[[ChromeDriver: chrome on WINDOWS (59275086dbb45f570e8f23819e162610)] -> xpath: (//span[@class='btn_text'])[2]]<---->has been clicked<br>]]>
  </system-out>
</testsuite> <!-- tdd.AmeriHealth.GetPlan.FindADocTest -->
