<?xml version="1.0" encoding="UTF-8"?>
<!-- Generated by org.testng.reporters.JUnitReportReporter -->
<testsuite hostname="DESKTOP-QAMDQO9" failures="0" tests="1" name="tdd.AmeriHealth.GetPlan.CareerPageTest" time="16.408" errors="0" timestamp="2023-02-18T00:53:04 EST" skipped="0">
  <testcase classname="tdd.AmeriHealth.GetPlan.CareerPageTest" name="careerPageTest" time="16.408"/>
  <system-out>
    <![CDATA[Validating --->actual :The only plan you need.***Expected : The only plan you need.<br>
[[ChromeDriver: chrome on WINDOWS (05ad7f385f94cfdc7a4bcc43ff879be4)] -> xpath: //a[text()='Careers']]<---->has been clicked<br>
Validating --->actual :Corporate culture***Expected : Corporate culture<br>
[[ChromeDriver: chrome on WINDOWS (05ad7f385f94cfdc7a4bcc43ff879be4)] -> xpath: (//span[@class='btn_text'])[2]]<---->has been clicked<br>]]>
  </system-out>
</testsuite> <!-- tdd.AmeriHealth.GetPlan.CareerPageTest -->
